2019-05-23 16:22:41 - success login mike@codeofaninja.com
2019-05-23 16:22:45 - success login mike@codeofaninja.com
2019-05-23 16:22:54 - failed login email or password mistake
2019-05-23 16:22:57 - failed login email or password mistake
2019-05-23 16:23:03 - success login mike@codeofaninja.com
2019-05-23 16:25:39 - success login mike@codeofaninja.com eyJ0eXAiOiJKV1QiLCJhbGciOiJIUzI1NiJ9.eyJlbWFpbCI6Im1pa2VAY29kZW9mYW5pbmphLmNvbSIsInBhc3N3b3JkIjoiMTVkZTIxYzY3MGFlN2MzZjZmM2YxZjM3MDI5MzAzYzkifQ.VwwvYOvPN7wAJ2tpHpugnNfKA5fy2MjsJ4RC4E3Wmwo
2019-05-23 16:25:45 - success login mike@codeofaninja.com eyJ0eXAiOiJKV1QiLCJhbGciOiJIUzI1NiJ9.eyJlbWFpbCI6Im1pa2VAY29kZW9mYW5pbmphLmNvbSIsInBhc3N3b3JkIjoiMTVkZTIxYzY3MGFlN2MzZjZmM2YxZjM3MDI5MzAzYzkifQ.VwwvYOvPN7wAJ2tpHpugnNfKA5fy2MjsJ4RC4E3Wmwo
2019-05-23 16:25:47 - success login mike@codeofaninja.com eyJ0eXAiOiJKV1QiLCJhbGciOiJIUzI1NiJ9.eyJlbWFpbCI6Im1pa2VAY29kZW9mYW5pbmphLmNvbSIsInBhc3N3b3JkIjoiMTVkZTIxYzY3MGFlN2MzZjZmM2YxZjM3MDI5MzAzYzkifQ.VwwvYOvPN7wAJ2tpHpugnNfKA5fy2MjsJ4RC4E3Wmwo
2019-05-23 16:25:53 - success login mike@codeofaninja.com eyJ0eXAiOiJKV1QiLCJhbGciOiJIUzI1NiJ9.eyJlbWFpbCI6Im1pa2VAY29kZW9mYW5pbmphLmNvbSIsInBhc3N3b3JkIjoiMTVkZTIxYzY3MGFlN2MzZjZmM2YxZjM3MDI5MzAzYzkifQ.VwwvYOvPN7wAJ2tpHpugnNfKA5fy2MjsJ4RC4E3Wmwo
2019-05-23 16:36:23 - success login mike@codeofaninja.com eyJ0eXAiOiJKV1QiLCJhbGciOiJIUzI1NiJ9.eyJlbWFpbCI6Im1pa2VAY29kZW9mYW5pbmphLmNvbSIsInBhc3N3b3JkIjoiMTVkZTIxYzY3MGFlN2MzZjZmM2YxZjM3MDI5MzAzYzkifQ.VwwvYOvPN7wAJ2tpHpugnNfKA5fy2MjsJ4RC4E3Wmwo
2019-05-23 16:38:20 - success login mike@codeofaninja.com eyJ0eXAiOiJKV1QiLCJhbGciOiJIUzI1NiJ9.eyJlbWFpbCI6Im1pa2VAY29kZW9mYW5pbmphLmNvbSIsInBhc3N3b3JkIjoiMTVkZTIxYzY3MGFlN2MzZjZmM2YxZjM3MDI5MzAzYzkifQ.VwwvYOvPN7wAJ2tpHpugnNfKA5fy2MjsJ4RC4E3Wmwo
2019-05-23 16:44:05 - success login mike@codeofaninja.com eyJ0eXAiOiJKV1QiLCJhbGciOiJIUzI1NiJ9.eyJlbWFpbCI6Im1pa2VAY29kZW9mYW5pbmphLmNvbSIsInBhc3N3b3JkIjoiMTVkZTIxYzY3MGFlN2MzZjZmM2YxZjM3MDI5MzAzYzkifQ.VwwvYOvPN7wAJ2tpHpugnNfKA5fy2MjsJ4RC4E3Wmwo
2019-05-23 16:44:08 - success login mike@codeofaninja.com eyJ0eXAiOiJKV1QiLCJhbGciOiJIUzI1NiJ9.eyJlbWFpbCI6Im1pa2VAY29kZW9mYW5pbmphLmNvbSIsInBhc3N3b3JkIjoiMTVkZTIxYzY3MGFlN2MzZjZmM2YxZjM3MDI5MzAzYzkifQ.VwwvYOvPN7wAJ2tpHpugnNfKA5fy2MjsJ4RC4E3Wmwo
2019-05-23 17:06:31 - success login mike@codeofaninja.com eyJ0eXAiOiJKV1QiLCJhbGciOiJIUzI1NiJ9.eyJlbWFpbCI6Im1pa2VAY29kZW9mYW5pbmphLmNvbSIsInBhc3N3b3JkIjoiMTVkZTIxYzY3MGFlN2MzZjZmM2YxZjM3MDI5MzAzYzkifQ.VwwvYOvPN7wAJ2tpHpugnNfKA5fy2MjsJ4RC4E3Wmwo
2019-05-23 17:16:11 - success login mike@codeofaninja.com eyJ0eXAiOiJKV1QiLCJhbGciOiJIUzI1NiJ9.eyJlbWFpbCI6Im1pa2VAY29kZW9mYW5pbmphLmNvbSIsInBhc3N3b3JkIjoiMTVkZTIxYzY3MGFlN2MzZjZmM2YxZjM3MDI5MzAzYzkifQ.Oe5FBaRkqQSIQ25elkTpPFWhFvS4Jfa5mJw1DrI-UQg
2019-05-23 17:17:36 - success login mike@codeofaninja.com eyJ0eXAiOiJKV1QiLCJhbGciOiJIUzI1NiJ9.eyJlbWFpbCI6Im1pa2VAY29kZW9mYW5pbmphLmNvbSIsInBhc3N3b3JkIjoiMTVkZTIxYzY3MGFlN2MzZjZmM2YxZjM3MDI5MzAzYzkifQ.lxFgs8iHoo9URFT7i2ectPVv6sjgG4Bp7DGFHUXpEQg
2019-05-23 17:24:41 - success login mike@codeofaninja.com eyJ0eXAiOiJKV1QiLCJhbGciOiJIUzI1NiJ9.eyJlbWFpbCI6Im1pa2VAY29kZW9mYW5pbmphLmNvbSIsInBhc3N3b3JkIjoiMTVkZTIxYzY3MGFlN2MzZjZmM2YxZjM3MDI5MzAzYzkifQ.lxFgs8iHoo9URFT7i2ectPVv6sjgG4Bp7DGFHUXpEQg
2019-05-23 17:24:45 - success login mike@codeofaninja.com eyJ0eXAiOiJKV1QiLCJhbGciOiJIUzI1NiJ9.eyJlbWFpbCI6Im1pa2VAY29kZW9mYW5pbmphLmNvbSIsInBhc3N3b3JkIjoiMTVkZTIxYzY3MGFlN2MzZjZmM2YxZjM3MDI5MzAzYzkifQ.lxFgs8iHoo9URFT7i2ectPVv6sjgG4Bp7DGFHUXpEQg
2019-05-23 17:24:54 - failed login email or password mistake
2019-05-23 17:35:42 - failed login email or password mistake
2019-05-23 17:35:47 - success login mike@codeofaninja.com eyJ0eXAiOiJKV1QiLCJhbGciOiJIUzI1NiJ9.eyJlbWFpbCI6Im1pa2VAY29kZW9mYW5pbmphLmNvbSIsInBhc3N3b3JkIjoiMTVkZTIxYzY3MGFlN2MzZjZmM2YxZjM3MDI5MzAzYzkifQ.lxFgs8iHoo9URFT7i2ectPVv6sjgG4Bp7DGFHUXpEQg
2019-05-23 19:23:18 - success login mike@codeofaninja.com eyJ0eXAiOiJKV1QiLCJhbGciOiJIUzI1NiJ9.eyJlbWFpbCI6Im1pa2VAY29kZW9mYW5pbmphLmNvbSIsInBhc3N3b3JkIjoiMTVkZTIxYzY3MGFlN2MzZjZmM2YxZjM3MDI5MzAzYzkifQ.lxFgs8iHoo9URFT7i2ectPVv6sjgG4Bp7DGFHUXpEQg
2019-05-23 19:23:44 - failed login email or password mistake
2019-05-23 19:24:19 - success login mike@codeofaninja.com eyJ0eXAiOiJKV1QiLCJhbGciOiJIUzI1NiJ9.eyJlbWFpbCI6Im1pa2VAY29kZW9mYW5pbmphLmNvbSIsInBhc3N3b3JkIjoiMTVkZTIxYzY3MGFlN2MzZjZmM2YxZjM3MDI5MzAzYzkifQ.lxFgs8iHoo9URFT7i2ectPVv6sjgG4Bp7DGFHUXpEQg
